<?xml version="1.0" encoding="UTF-8"?>
<!-- Generated by org.testng.reporters.JUnitReportReporter -->
<testsuite hostname="admin-PC" name="com.andriod.inboxtest.sampleTest" tests="1" failures="0" timestamp="1 Oct 2016 20:04:26 GMT" time="0.016" errors="0">
  <testcase name="addNewAccount" time="0.016" classname="com.andriod.inboxtest.sampleTest"/>
</testsuite> <!-- com.andriod.inboxtest.sampleTest -->
