<?xml version="1.0" encoding="UTF-8"?>
<!-- Generated by org.testng.reporters.JUnitReportReporter -->
<testsuite hostname="admin-PC" name="com.andriod.inboxtest.CalculatorTest" tests="1" failures="0" timestamp="8 Oct 2016 07:53:14 GMT" time="10.595" errors="0">
  <testcase name="calcTest" time="10.595" classname="com.andriod.inboxtest.CalculatorTest"/>
</testsuite> <!-- com.andriod.inboxtest.CalculatorTest -->
