<?xml version="1.0" encoding="UTF-8"?>
<!-- Generated by org.testng.reporters.JUnitReportReporter -->
<testsuite hostname="admin-PC" name="MultiTouch" tests="1" failures="0" timestamp="18 Sep 2016 09:10:09 GMT" time="44.033" errors="0">
  <testcase name="Test" time="44.033" classname="MultiTouch"/>
</testsuite> <!-- MultiTouch -->
