<?xml version="1.0" encoding="UTF-8"?>
<!-- Generated by org.testng.reporters.JUnitReportReporter -->
<testsuite hostname="admin-PC" name="FolderManager" tests="1" failures="0" timestamp="18 Sep 2016 07:58:46 GMT" time="15.774" errors="0">
  <testcase name="Test" time="15.774" classname="FolderManager"/>
</testsuite> <!-- FolderManager -->
