<?xml version="1.0" encoding="UTF-8"?>
<!-- Generated by org.testng.reporters.JUnitReportReporter -->
<testsuite hostname="admin-PC" name="ZoomTest" tests="1" failures="0" timestamp="18 Sep 2016 08:17:08 GMT" time="12.817" errors="0">
  <testcase name="Test" time="12.817" classname="ZoomTest"/>
</testsuite> <!-- ZoomTest -->
