<?xml version="1.0" encoding="UTF-8"?>
<!-- Generated by org.testng.reporters.JUnitReportReporter -->
<testsuite hostname="admin-PC" name="PinchTest" tests="1" failures="0" timestamp="24 Sep 2016 17:48:02 GMT" time="12.536" errors="0">
  <testcase name="Test" time="12.536" classname="PinchTest"/>
</testsuite> <!-- PinchTest -->
