<?xml version="1.0" encoding="UTF-8"?>
<!-- Generated by org.testng.reporters.JUnitReportReporter -->
<testsuite hostname="admin-PC" name="TabzoomTest" tests="1" failures="0" timestamp="18 Sep 2016 18:40:07 GMT" time="71.416" errors="0">
  <testcase name="Test" time="71.416" classname="TabzoomTest"/>
</testsuite> <!-- TabzoomTest -->
