<?xml version="1.0" encoding="UTF-8"?>
<!-- Generated by org.testng.reporters.JUnitReportReporter -->
<testsuite hostname="admin-PC" name="Sulekha_TestScript.SearchTest" tests="1" failures="0" timestamp="15 Oct 2016 11:22:27 GMT" time="18.834" errors="0">
  <testcase name="SerchTest" time="18.834" classname="Sulekha_TestScript.SearchTest"/>
</testsuite> <!-- Sulekha_TestScript.SearchTest -->
